  sorce.c
D:\game\game\sorce.c(150,12): warning C4244: '함수': 'time_t'에서 'unsigned int'(으)로 변환하면서 데이터가 손실될 수 있습니다.
D:\game\game\sorce.c(166,38): warning C4047: '=': 'DWORD'의 간접 참조 수준이 'HANDLE'과(와) 다릅니다.
D:\game\game\sorce.c(167,17): warning C4022: 'GetConsoleMode': 실제 매개 변수 1의 포인터가 일치하지 않습니다.
D:\game\game\sorce.c(168,17): warning C4022: 'SetConsoleMode': 실제 매개 변수 1의 포인터가 일치하지 않습니다.
D:\game\game\sorce.c(899,35): warning C4244: '*=': 'double'에서 'int'(으)로 변환하면서 데이터가 손실될 수 있습니다.
D:\game\game\sorce.c(909,35): warning C4244: '*=': 'double'에서 'int'(으)로 변환하면서 데이터가 손실될 수 있습니다.
D:\game\game\sorce.c(921,33): warning C4244: '*=': 'double'에서 'int'(으)로 변환하면서 데이터가 손실될 수 있습니다.
D:\game\game\sorce.c(922,35): warning C4244: '*=': 'double'에서 'int'(으)로 변환하면서 데이터가 손실될 수 있습니다.
D:\game\game\sorce.c(932,37): warning C4244: '*=': 'double'에서 'int'(으)로 변환하면서 데이터가 손실될 수 있습니다.
D:\game\game\sorce.c(989,25): warning C4476: 'printf' : 서식 지정자에 알 수 없는 형식 필드 문자 ','이(가) 있습니다.
D:\game\game\sorce.c(990,25): warning C4476: 'printf' : 서식 지정자에 알 수 없는 형식 필드 문자 ','이(가) 있습니다.
D:\game\game\sorce.c(991,25): warning C4476: 'printf' : 서식 지정자에 알 수 없는 형식 필드 문자 ','이(가) 있습니다.
D:\game\game\sorce.c(992,25): warning C4476: 'printf' : 서식 지정자에 알 수 없는 형식 필드 문자 ','이(가) 있습니다.
D:\game\game\sorce.c(993,25): warning C4476: 'printf' : 서식 지정자에 알 수 없는 형식 필드 문자 ','이(가) 있습니다.
D:\game\game\sorce.c(994,25): warning C4476: 'printf' : 서식 지정자에 알 수 없는 형식 필드 문자 ','이(가) 있습니다.
D:\game\game\sorce.c(995,25): warning C4129: '`': 문자 이스케이프 시퀀스를 인식할 수 없습니다.
D:\game\game\sorce.c(995,25): warning C4476: 'printf' : 서식 지정자에 알 수 없는 형식 필드 문자 ','이(가) 있습니다.
D:\game\game\sorce.c(996,25): warning C4129: '`': 문자 이스케이프 시퀀스를 인식할 수 없습니다.
D:\game\game\sorce.c(996,25): warning C4476: 'printf' : 서식 지정자에 알 수 없는 형식 필드 문자 ','이(가) 있습니다.
D:\game\game\sorce.c(997,25): warning C4129: '`': 문자 이스케이프 시퀀스를 인식할 수 없습니다.
D:\game\game\sorce.c(997,25): warning C4476: 'printf' : 서식 지정자에 알 수 없는 형식 필드 문자 '@'이(가) 있습니다.
D:\game\game\sorce.c(997,25): warning C4476: 'printf' : 서식 지정자에 알 수 없는 형식 필드 문자 ','이(가) 있습니다.
D:\game\game\sorce.c(998,25): warning C4476: 'printf' : 서식 지정자에 알 수 없는 형식 필드 문자 ','이(가) 있습니다.
D:\game\game\sorce.c(999,25): warning C4129: '`': 문자 이스케이프 시퀀스를 인식할 수 없습니다.
D:\game\game\sorce.c(999,25): warning C4476: 'printf' : 서식 지정자에 알 수 없는 형식 필드 문자 ','이(가) 있습니다.
D:\game\game\sorce.c(1093,25): warning C4129: '`': 문자 이스케이프 시퀀스를 인식할 수 없습니다.
D:\game\game\sorce.c(1095,25): warning C4129: '`': 문자 이스케이프 시퀀스를 인식할 수 없습니다.
D:\game\game\sorce.c(1388,35): warning C4244: '*=': 'double'에서 'int'(으)로 변환하면서 데이터가 손실될 수 있습니다.
D:\game\game\sorce.c(1398,35): warning C4244: '*=': 'double'에서 'int'(으)로 변환하면서 데이터가 손실될 수 있습니다.
D:\game\game\sorce.c(1409,33): warning C4244: '*=': 'double'에서 'int'(으)로 변환하면서 데이터가 손실될 수 있습니다.
D:\game\game\sorce.c(1410,35): warning C4244: '*=': 'double'에서 'int'(으)로 변환하면서 데이터가 손실될 수 있습니다.
D:\game\game\sorce.c(1421,37): warning C4244: '*=': 'double'에서 'int'(으)로 변환하면서 데이터가 손실될 수 있습니다.
  game.vcxproj -> D:\game\Debug\game.exe
